3127.0.0.1#61382$
4fail to find target client.
12021/01/04 11:44:51
3127.0.0.1#12999$127.0.0.1#13255$
4fail to find target client.
12021/01/04 11:47:41
2myserver
3127.0.0.1#18119$
4fail to find target client.
3127.0.0.1#21703$
4fail to find target client.
12021/01/04 12:03:59
2myserver
3127.0.0.1#29692$
0
4fail to find target client.
12021/01/04 12:10:24
2myserver
3127.0.0.1#51196$
4fail to find target client.
12021/01/04 12:15:02
2myserver
3127.0.0.1#59900$
4fail to find target client.
4fail to find target client.
4fail to find target client.
4fail to find target client.
2 
1 2021/01/04 18:32:03
3 127.0.0.1#28003$
2 
2 
3 127.0.0.1#34294$
2 myserver
2 myserver
2 myserver
2 myserver
2 myserver
2 myserver
2 myserver
2 myserver
2 myserver
2 myserver
2 myserver
2 myserver
2 myserver
2 myserver
2 myserver
2 myserver
2 myserver
2 myserver
2 myserver
2 myserver
2 myserver
2 myserver
2 myserver
2 myserver
2 myserver
2 myserver
2 myserver
2 myserver
2 myserver
2 myserver
2 myserver
2 myserver
2 myserver
2 myserver
2 myserver
2 myserver
2 myserver
2 myserver
2 myserver
2 myserver
2 myserver
2 myserver
2 myserver
2 myserver
2 myserver
2 myserver
2 myserver
2 myserver
2 myserver
2 myserver
2 myserver
2 myserver
2 myserver
2 myserver
2 myserver
2 myserver
2 myserver
2 myserver
2 myserver
2 myserver
2 myserver
2 myserver
2 myserver
2 myserver
2 myserver
2 myserver
2 myserver
2 myserver
2 myserver
2 myserver
2 myserver
2 myserver
2 myserver
2 myserver
2 myserver
2 myserver
2 myserver
2 myserver
2 myserver
2 myserver
2 myserver
2 myserver
2 myserver
2 myserver
2 myserver
2 myserver
2 myserver
2 myserver
2 myserver
2 myserver
2 myserver
2 myserver
2 myserver
2 myserver
2 myserver
2 myserver
2 myserver
2 myserver
2 myserver
2 myserver
2 myserver
2 myserver
2 myserver
2 myserver
4 @127.0.0.1#35062$123 456 789

192.168.43.248:1899: 3 192.168.43.248#23556$192.168.43.248#1899$
192.168.43.248:1899: 4 @192.168.43.248#1899$hello, world

